-------------------------------------------------------------------------------
Test set: AccountControllerTest
-------------------------------------------------------------------------------
Tests run: 3, Failures: 3, Errors: 0, Skipped: 0, Time elapsed: 0.003 sec <<< FAILURE!
AccountControllerTest.testLoadAndSaveJsonData()  Time elapsed: 0.002 sec  <<< FAILURE!
java.lang.NullPointerException: Cannot invoke "Controller.AccountController.loadJsonData()" because "this.accountController" is null
	at AccountControllerTest.testLoadAndSaveJsonData(AccountControllerTest.java:100)

AccountControllerTest.testCreateResidentAccount()  Time elapsed: 0.001 sec  <<< FAILURE!
java.lang.NullPointerException: Cannot invoke "java.util.Scanner.nextLine()" because "this.mockScanner" is null
	at AccountControllerTest.testCreateResidentAccount(AccountControllerTest.java:50)

AccountControllerTest.testCreateIntervenantAccount()  Time elapsed: 0 sec  <<< FAILURE!
java.lang.NullPointerException: Cannot invoke "java.util.Scanner.nextLine()" because "this.mockScanner" is null
	at AccountControllerTest.testCreateIntervenantAccount(AccountControllerTest.java:76)

